{"meta": {"version": "5.3", "timestamp": "2020-12-08T20:38:06.227836", "branch_coverage": false, "show_contexts": false}, "files": {"board.py": {"executed_lines": [2, 3, 4, 6, 7, 8, 9, 10, 11, 13, 14, 15, 16, 17, 18, 20, 24, 25, 26, 27, 28, 29, 30, 31, 32, 33, 34, 35, 36, 37, 38, 41, 47, 48, 49, 50, 51, 53, 54, 55, 56, 57, 58, 59, 60, 61, 63, 64, 65, 66, 67, 71, 73, 86, 87, 89, 90, 91, 92, 93, 94, 96, 97, 99, 100, 101, 102, 103, 104, 107, 108, 115, 116, 117, 118, 119, 121, 122, 125, 147], "summary": {"covered_lines": 80, "num_statements": 126, "percent_covered": 63.492063492063494, "missing_lines": 46, "excluded_lines": 0}, "missing_lines": [21, 42, 43, 44, 45, 62, 68, 69, 70, 74, 75, 76, 77, 78, 79, 80, 81, 82, 83, 84, 88, 98, 109, 110, 111, 112, 113, 126, 127, 128, 129, 130, 131, 132, 133, 135, 136, 137, 138, 139, 140, 141, 143, 144, 148, 149], "excluded_lines": []}, "game.py": {"executed_lines": [1, 2, 3, 4, 6, 7, 8, 9, 10, 11, 14, 15, 17, 19, 22, 23, 24, 25, 26], "summary": {"covered_lines": 19, "num_statements": 23, "percent_covered": 82.6086956521739, "missing_lines": 4, "excluded_lines": 0}, "missing_lines": [12, 13, 20, 21], "excluded_lines": []}, "player.py": {"executed_lines": [1, 2, 4, 5, 6, 7, 8, 9, 10, 11, 12, 15, 16, 17, 18, 19, 20, 21, 23, 24, 25, 26, 33, 34, 35, 36, 37, 38, 39, 41, 42, 43, 60, 61, 62, 63, 64, 66, 67, 68, 70], "summary": {"covered_lines": 41, "num_statements": 64, "percent_covered": 64.0625, "missing_lines": 23, "excluded_lines": 0}, "missing_lines": [27, 28, 29, 30, 31, 32, 40, 44, 45, 46, 47, 48, 49, 50, 51, 52, 53, 54, 55, 56, 57, 58, 59], "excluded_lines": []}, "/usr/lib/python3/dist-packages/cairo/__init__.py": {"executed_lines": [1, 4], "summary": {"covered_lines": 2, "num_statements": 13, "percent_covered": 15.384615384615385, "missing_lines": 11, "excluded_lines": 0}, "missing_lines": [7, 9, 10, 12, 13, 16, 17, 20, 21, 24, 25], "excluded_lines": []}, "/usr/lib/python3/dist-packages/gi/__init__.py": {"executed_lines": [21, 24, 25, 27, 28, 29, 30, 32, 38, 42, 43, 44, 45, 46, 47, 49, 50, 51, 53, 54, 57, 58, 59, 60, 62, 63, 65, 68, 69, 71, 75, 76, 77, 78, 79, 82, 95, 112, 114, 117, 118, 119, 123, 127, 128, 131, 135, 138, 155, 156, 159], "summary": {"covered_lines": 51, "num_statements": 70, "percent_covered": 72.85714285714286, "missing_lines": 19, "excluded_lines": 0}, "missing_lines": [39, 72, 83, 84, 86, 88, 89, 115, 120, 124, 129, 132, 151, 152, 178, 179, 180, 181, 182], "excluded_lines": []}, "/usr/lib/python3/dist-packages/gi/_compat.py": {"executed_lines": [14, 16, 17, 37, 39, 40, 42, 43, 45, 46, 47, 48, 50, 51, 52, 53, 55], "summary": {"covered_lines": 17, "num_statements": 31, "percent_covered": 54.83870967741935, "missing_lines": 14, "excluded_lines": 0}, "missing_lines": [18, 20, 21, 23, 24, 26, 27, 28, 29, 31, 32, 33, 35, 56], "excluded_lines": []}, "/usr/lib/python3/dist-packages/gi/_constants.py": {"executed_lines": [20, 22, 23, 24, 25, 26, 27, 28, 29, 30, 31, 32, 33, 34, 35, 36, 37, 38, 39, 40, 41, 42, 43, 44, 45, 46, 47], "summary": {"covered_lines": 27, "num_statements": 27, "percent_covered": 100.0, "missing_lines": 0, "excluded_lines": 0}, "missing_lines": [], "excluded_lines": []}, "/usr/lib/python3/dist-packages/gi/_error.py": {"executed_lines": [30, 31, 37, 40, 45, 48, 52, 53], "summary": {"covered_lines": 8, "num_statements": 17, "percent_covered": 47.05882352941177, "missing_lines": 9, "excluded_lines": 0}, "missing_lines": [32, 33, 34, 35, 38, 41, 46, 50, 55], "excluded_lines": []}, "/usr/lib/python3/dist-packages/gi/_option.py": {"executed_lines": [20, 30, 31, 32, 34, 35, 37, 38, 39, 41, 43, 56, 57, 83, 87, 93, 95, 107, 115, 143, 144, 170, 188, 192, 222, 230, 240, 241, 263, 272, 280, 312, 328, 335, 343, 367], "summary": {"covered_lines": 33, "num_statements": 175, "percent_covered": 18.857142857142858, "missing_lines": 142, "excluded_lines": 0}, "missing_lines": [96, 97, 98, 100, 101, 104, 105, 108, 109, 110, 111, 112, 116, 118, 119, 121, 122, 124, 125, 126, 128, 130, 131, 133, 134, 135, 136, 137, 139, 140, 173, 174, 175, 176, 177, 178, 180, 182, 184, 185, 186, 189, 190, 193, 194, 195, 197, 199, 200, 201, 202, 203, 204, 205, 206, 207, 209, 211, 212, 214, 215, 216, 218, 220, 227, 228, 231, 232, 233, 234, 235, 237, 264, 265, 266, 267, 269, 273, 274, 275, 276, 278, 281, 282, 284, 285, 286, 287, 289, 290, 291, 293, 294, 296, 297, 298, 300, 301, 303, 304, 305, 306, 307, 308, 310, 313, 314, 316, 317, 318, 319, 320, 321, 322, 323, 324, 325, 326, 329, 330, 331, 332, 333, 336, 341, 344, 345, 347, 348, 349, 350, 351, 352, 353, 354, 355, 356, 358, 360, 361, 362, 364], "excluded_lines": []}, "/usr/lib/python3/dist-packages/gi/_ossighelper.py": {"executed_lines": [17, 19, 20, 21, 22, 23, 24, 26, 29, 51, 57, 58, 143, 147, 148, 155, 162, 163, 182, 188, 189, 192, 193], "summary": {"covered_lines": 23, "num_statements": 109, "percent_covered": 21.10091743119266, "missing_lines": 86, "excluded_lines": 0}, "missing_lines": [37, 38, 40, 41, 42, 43, 46, 47, 48, 74, 75, 76, 78, 81, 84, 86, 87, 88, 90, 91, 93, 94, 95, 97, 98, 99, 101, 102, 104, 106, 107, 108, 109, 110, 111, 112, 113, 115, 117, 118, 119, 122, 124, 130, 131, 133, 135, 136, 139, 140, 152, 158, 170, 172, 173, 174, 175, 177, 179, 185, 215, 216, 217, 219, 220, 223, 224, 225, 227, 228, 229, 232, 233, 235, 237, 240, 241, 242, 243, 245, 246, 247, 248, 250, 251, 253], "excluded_lines": []}, "/usr/lib/python3/dist-packages/gi/_propertyhelper.py": {"executed_lines": [20, 21, 22, 30, 31, 32, 33, 34, 35, 36, 37, 40, 41, 95, 105, 117, 128, 140, 141, 144, 200, 205, 218, 229, 233, 242, 252, 272, 277, 310, 313, 320, 323, 326, 330, 338, 357, 362, 364, 365, 366, 381, 382], "summary": {"covered_lines": 42, "num_statements": 182, "percent_covered": 23.076923076923077, "missing_lines": 140, "excluded_lines": 0}, "missing_lines": [142, 147, 149, 150, 151, 152, 153, 155, 156, 157, 159, 160, 161, 165, 166, 169, 170, 171, 172, 173, 174, 175, 176, 179, 181, 182, 183, 187, 188, 189, 190, 191, 195, 196, 198, 201, 206, 207, 209, 210, 211, 212, 213, 214, 216, 219, 220, 222, 223, 224, 225, 226, 227, 231, 235, 237, 238, 239, 240, 244, 248, 249, 250, 253, 254, 255, 261, 262, 268, 270, 273, 274, 275, 278, 279, 280, 281, 283, 284, 285, 286, 287, 288, 289, 290, 291, 292, 293, 295, 296, 297, 299, 300, 301, 302, 303, 304, 305, 306, 307, 311, 314, 321, 324, 327, 331, 339, 340, 342, 343, 346, 347, 348, 349, 350, 352, 354, 370, 371, 374, 375, 376, 377, 378, 379, 384, 386, 387, 388, 389, 395, 396, 397, 398, 400, 401, 402, 403, 404, 405], "excluded_lines": []}, "/usr/lib/python3/dist-packages/gi/_signalhelper.py": {"executed_lines": [20, 23, 24, 73, 74, 78, 81, 86, 89, 93, 98, 106, 110, 115, 120, 143, 149, 169, 176, 181, 182, 194, 199, 220, 224, 225, 226, 227, 241, 245], "summary": {"covered_lines": 27, "num_statements": 90, "percent_covered": 30.0, "missing_lines": 63, "excluded_lines": 0}, "missing_lines": [79, 82, 83, 84, 87, 91, 96, 104, 108, 113, 116, 117, 118, 122, 123, 125, 126, 128, 130, 131, 132, 133, 135, 136, 137, 138, 139, 140, 141, 145, 146, 147, 155, 156, 160, 161, 163, 165, 172, 178, 196, 205, 206, 208, 210, 211, 212, 214, 215, 217, 228, 232, 233, 234, 235, 236, 237, 238, 239, 246, 247, 248, 249], "excluded_lines": []}, "/usr/lib/python3/dist-packages/gi/docstring.py": {"executed_lines": [23, 34, 37, 44, 47, 52, 64, 67, 92, 93, 94, 96, 97, 98, 99, 101, 102, 105, 107, 110, 111, 112, 114, 115, 118, 119, 123, 124, 125, 126, 127, 128, 131, 132, 134, 136, 137, 138, 139, 140, 143, 145, 146, 149, 150, 151, 152, 153, 155, 157, 158, 159, 168, 169, 171, 174, 195, 196, 199, 200, 205], "summary": {"covered_lines": 61, "num_statements": 91, "percent_covered": 67.03296703296704, "missing_lines": 30, "excluded_lines": 0}, "missing_lines": [49, 103, 113, 116, 133, 135, 142, 144, 154, 160, 161, 162, 163, 164, 165, 166, 175, 176, 178, 180, 181, 183, 185, 186, 187, 189, 190, 192, 197, 202], "excluded_lines": []}, "/usr/lib/python3/dist-packages/gi/importer.py": {"executed_lines": [24, 25, 26, 27, 28, 30, 31, 32, 33, 34, 37, 40, 43, 44, 56, 58, 60, 63, 65, 69, 71, 82, 91, 92, 95, 97, 101, 104, 108, 109, 111, 112, 113, 115, 116, 119, 121, 122, 125, 130, 135, 136, 137, 138, 144, 145, 146, 148, 149, 150, 152], "summary": {"covered_lines": 51, "num_statements": 62, "percent_covered": 82.25806451612904, "missing_lines": 11, "excluded_lines": 0}, "missing_lines": [67, 73, 74, 94, 96, 98, 117, 123, 132, 139, 140], "excluded_lines": []}, "/usr/lib/python3/dist-packages/gi/module.py": {"executed_lines": [23, 25, 27, 28, 33, 35, 54, 58, 66, 69, 72, 73, 75, 81, 82, 83, 88, 89, 91, 92, 95, 96, 97, 98, 99, 101, 102, 103, 106, 107, 114, 117, 118, 119, 120, 122, 123, 125, 126, 128, 129, 130, 131, 134, 135, 136, 138, 139, 140, 141, 143, 144, 146, 147, 149, 150, 152, 153, 158, 161, 162, 163, 164, 165, 167, 168, 170, 171, 174, 175, 176, 178, 179, 180, 183, 184, 185, 186, 187, 188, 189, 192, 195, 204, 205, 206, 210, 215, 218, 219, 221, 222, 223, 224, 231, 232, 234, 238, 254, 261, 262, 264, 265, 266, 267], "summary": {"covered_lines": 104, "num_statements": 121, "percent_covered": 85.9504132231405, "missing_lines": 17, "excluded_lines": 0}, "missing_lines": [29, 31, 86, 181, 182, 194, 197, 207, 208, 226, 235, 236, 240, 241, 247, 248, 251], "excluded_lines": []}, "/usr/lib/python3/dist-packages/gi/overrides/GLib.py": {"executed_lines": [22, 23, 24, 26, 27, 28, 30, 31, 33, 35, 37, 38, 39, 43, 44, 46, 47, 48, 49, 50, 53, 59, 69, 75, 76, 77, 78, 79, 82, 86, 88, 105, 156, 173, 174, 193, 194, 197, 209, 212, 219, 225, 231, 237, 277, 278, 331, 339, 376, 379, 392, 403, 408, 410, 413, 420, 424, 426, 427, 428, 429, 431, 432, 433, 435, 437, 438, 439, 440, 443, 444, 445, 447, 448, 449, 450, 451, 453, 456, 457, 458, 459, 461, 463, 464, 465, 466, 468, 469, 470, 471, 472, 477, 481, 482, 483, 486, 488, 491, 494, 500, 501, 504, 506, 510, 511, 514, 515, 523, 526, 534, 543, 546, 551, 554, 557, 559, 562, 565, 568, 569, 572, 573, 578, 584, 587, 588, 593, 598, 602, 607, 610, 615, 618, 623, 638, 681, 684, 690, 694, 695, 704, 707, 710, 718, 732, 740, 744, 746, 753, 757, 759, 762, 769, 772, 773, 776, 777, 782, 787, 788, 797, 836, 839, 845, 848, 852, 854, 859, 863, 866, 867, 868, 869, 873, 874, 875, 878, 879, 880], "summary": {"covered_lines": 180, "num_statements": 488, "percent_covered": 36.885245901639344, "missing_lines": 308, "excluded_lines": 0}, "missing_lines": [54, 62, 63, 65, 66, 70, 71, 116, 117, 118, 121, 122, 123, 125, 126, 127, 129, 130, 131, 132, 135, 136, 137, 138, 140, 141, 142, 143, 144, 145, 147, 148, 149, 150, 151, 153, 186, 187, 188, 189, 190, 191, 195, 198, 199, 200, 207, 210, 213, 214, 216, 217, 220, 221, 222, 223, 226, 227, 228, 229, 235, 240, 243, 244, 245, 248, 249, 253, 254, 255, 256, 257, 258, 261, 262, 266, 267, 270, 271, 272, 273, 275, 287, 288, 290, 291, 293, 294, 295, 296, 297, 298, 299, 301, 303, 304, 306, 307, 308, 309, 311, 312, 313, 314, 315, 316, 317, 318, 319, 322, 323, 325, 332, 333, 335, 336, 337, 341, 342, 343, 344, 345, 346, 347, 351, 352, 353, 354, 355, 358, 359, 360, 361, 362, 363, 364, 367, 368, 370, 377, 380, 381, 382, 383, 384, 385, 387, 388, 390, 393, 394, 396, 397, 398, 399, 400, 404, 405, 414, 415, 417, 489, 492, 495, 496, 497, 507, 518, 519, 520, 521, 524, 527, 528, 532, 535, 538, 541, 544, 552, 555, 560, 563, 574, 575, 576, 579, 580, 581, 589, 590, 591, 594, 595, 603, 604, 611, 612, 619, 620, 639, 640, 643, 644, 645, 646, 647, 650, 651, 653, 655, 657, 658, 659, 660, 663, 664, 665, 666, 667, 668, 669, 671, 672, 674, 675, 676, 678, 686, 687, 696, 697, 698, 699, 700, 701, 702, 705, 708, 713, 714, 715, 716, 721, 722, 723, 724, 727, 728, 729, 730, 733, 734, 735, 736, 737, 738, 741, 742, 747, 748, 749, 750, 751, 754, 755, 760, 763, 764, 765, 766, 778, 779, 780, 783, 784, 798, 800, 801, 803, 804, 805, 806, 807, 808, 809, 810, 811, 812, 814, 816, 817, 818, 819, 820, 821, 822, 823, 825, 827, 828, 829, 830, 832, 841, 842, 849, 860], "excluded_lines": []}, "/usr/lib/python3/dist-packages/gi/overrides/GObject.py": {"executed_lines": [24, 25, 26, 28, 29, 30, 31, 32, 34, 35, 36, 39, 41, 44, 45, 49, 59, 60, 61, 64, 81, 83, 84, 85, 86, 89, 92, 93, 94, 95, 99, 103, 104, 105, 106, 109, 110, 111, 112, 113, 114, 115, 116, 117, 118, 119, 120, 121, 122, 123, 124, 125, 126, 127, 128, 129, 130, 131, 132, 133, 134, 135, 136, 137, 147, 148, 149, 150, 154, 156, 157, 158, 159, 163, 165, 166, 170, 173, 174, 175, 176, 179, 180, 181, 182, 183, 184, 185, 186, 187, 188, 189, 194, 195, 196, 197, 198, 199, 200, 204, 205, 212, 213, 218, 227, 233, 272, 301, 305, 306, 309, 316, 319, 326, 329, 336, 341, 344, 349, 352, 357, 360, 370, 389, 392, 393, 397, 400, 404, 425, 428, 447, 450, 455, 461, 466, 469, 474, 479, 480, 482, 485, 486, 489, 492, 496, 500, 501, 503, 506, 507, 510, 516, 517, 518, 519, 520, 521, 522, 526, 527, 528, 529, 530, 531, 532, 533, 536, 537, 538, 539, 541, 542, 543, 544, 548, 549, 550, 551, 552, 553, 554, 555, 556, 557, 558, 559, 560, 561, 562, 563, 564, 566, 584, 625, 626, 627, 628, 629, 630, 636, 641, 644, 645, 646, 649, 650, 656, 668, 669, 672, 673, 674, 677, 678, 679], "summary": {"covered_lines": 216, "num_statements": 352, "percent_covered": 61.36363636363637, "missing_lines": 136, "excluded_lines": 0}, "missing_lines": [206, 207, 208, 209, 210, 216, 219, 220, 225, 228, 229, 231, 234, 236, 237, 238, 239, 240, 241, 242, 243, 244, 246, 249, 251, 252, 253, 254, 255, 256, 257, 258, 259, 260, 261, 265, 266, 267, 268, 269, 270, 273, 275, 276, 277, 278, 279, 280, 281, 282, 283, 284, 285, 286, 287, 288, 289, 292, 294, 295, 296, 297, 298, 299, 302, 310, 311, 312, 313, 320, 321, 322, 323, 330, 331, 332, 333, 337, 338, 345, 346, 353, 354, 371, 372, 374, 375, 377, 378, 384, 394, 395, 398, 401, 421, 422, 439, 441, 442, 444, 451, 452, 463, 471, 487, 490, 493, 502, 508, 511, 581, 582, 598, 599, 600, 602, 604, 605, 606, 609, 612, 613, 614, 615, 617, 619, 638, 639, 651, 654, 658, 659, 661, 662, 664, 665], "excluded_lines": []}, "/usr/lib/python3/dist-packages/gi/overrides/__init__.py": {"executed_lines": [1, 2, 3, 4, 5, 6, 8, 9, 10, 15, 16, 20, 23, 24, 26, 27, 29, 31, 32, 34, 40, 44, 45, 51, 52, 53, 54, 58, 59, 61, 62, 64, 70, 75, 82, 83, 87, 88, 92, 94, 95, 99, 100, 101, 103, 104, 107, 108, 115, 116, 118, 121, 122, 123, 131, 133, 134, 135, 137, 138, 139, 143, 147, 148, 149, 153, 154, 156, 158, 161, 169, 179, 182, 183, 189, 194, 195, 196, 197, 199, 200, 201, 203, 206, 210, 212, 213, 217, 220, 237, 240, 324], "summary": {"covered_lines": 90, "num_statements": 156, "percent_covered": 57.69230769230769, "missing_lines": 66, "excluded_lines": 0}, "missing_lines": [35, 36, 37, 38, 41, 60, 65, 67, 68, 72, 110, 111, 124, 140, 142, 150, 151, 170, 171, 172, 174, 175, 176, 178, 180, 184, 185, 190, 214, 216, 270, 275, 276, 281, 283, 284, 287, 288, 289, 290, 291, 293, 294, 301, 302, 303, 304, 305, 307, 308, 315, 316, 317, 319, 321, 331, 332, 333, 334, 335, 336, 338, 340, 341, 342, 343], "excluded_lines": []}, "/usr/lib/python3/dist-packages/gi/repository/__init__.py": {"executed_lines": [21, 23, 25, 27, 29, 30], "summary": {"covered_lines": 6, "num_statements": 6, "percent_covered": 100.0, "missing_lines": 0, "excluded_lines": 0}, "missing_lines": [], "excluded_lines": []}, "/usr/lib/python3/dist-packages/gi/types.py": {"executed_lines": [23, 25, 26, 28, 29, 31, 39, 41, 43, 44, 47, 52, 53, 54, 55, 57, 58, 59, 60, 61, 62, 63, 65, 66, 68, 69, 70, 71, 73, 74, 79, 80, 81, 140, 145, 146, 147, 151, 152, 154, 155, 156, 159, 185, 202, 203, 204, 205, 206, 207, 208, 210, 212, 213, 217, 218, 223, 226, 227, 228, 229, 230, 231, 232, 234, 235, 236, 238, 239, 240, 241, 242, 243, 244, 245, 247, 248, 249, 250, 252, 253, 255, 256, 272, 283, 284, 286, 287, 293, 294, 306, 308, 309, 310, 311, 312, 313, 315, 317, 321, 323, 324, 325, 326, 327, 329, 332, 336, 337, 339, 340, 343, 344, 345, 347, 348, 350, 351, 355, 358, 359, 361, 362], "summary": {"covered_lines": 120, "num_statements": 191, "percent_covered": 62.82722513089005, "missing_lines": 71, "excluded_lines": 0}, "missing_lines": [48, 49, 75, 76, 77, 82, 84, 90, 91, 92, 93, 94, 95, 97, 98, 100, 102, 103, 104, 105, 106, 108, 109, 117, 118, 120, 123, 124, 125, 126, 127, 137, 160, 166, 169, 172, 173, 174, 175, 178, 179, 180, 182, 186, 187, 189, 190, 191, 192, 193, 194, 196, 197, 198, 199, 220, 258, 259, 261, 262, 263, 266, 267, 269, 296, 305, 318, 333, 363, 364, 365], "excluded_lines": []}, "/usr/local/lib/python3.8/dist-packages/playsound.py": {"executed_lines": [1, 2, 4, 43, 73, 79, 84, 85, 86, 91, 92, 93, 95, 97, 98, 101, 103, 104, 110, 111, 112, 115, 116, 118, 120, 123, 125], "summary": {"covered_lines": 27, "num_statements": 70, "percent_covered": 38.57142857142857, "missing_lines": 43, "excluded_lines": 0}, "missing_lines": [16, 17, 18, 19, 21, 22, 23, 24, 25, 26, 27, 28, 31, 32, 34, 35, 36, 37, 38, 40, 41, 55, 56, 57, 59, 60, 61, 62, 63, 64, 65, 66, 67, 68, 70, 71, 80, 87, 89, 99, 105, 119, 121], "excluded_lines": []}}, "totals": {"covered_lines": 1225, "num_statements": 2464, "percent_covered": 49.71590909090909, "missing_lines": 1239, "excluded_lines": 0}}