Name                                                  Stmts   Miss  Cover
-------------------------------------------------------------------------
board.py                                                141     13    91%
player.py                                               101     18    82%
unit_test.py                                            119      0   100%
/usr/local/lib/python3.8/dist-packages/playsound.py      70     59    16%
-------------------------------------------------------------------------
TOTAL                                                   431     90    79%
