Name                                                                Stmts   Miss  Cover
---------------------------------------------------------------------------------------
board.py                                                              133     11    92%
display.py                                                             89     52    42%
player.py                                                             123     32    74%
unit_test.py                                                          138      4    97%
/local/home/wcn00/.local/lib/python3.8/site-packages/playsound.py      70     59    16%
---------------------------------------------------------------------------------------
TOTAL                                                                 553    158    71%
